#! /usr/bin/vvp
:ivl_version "0.9.7 " "(v0_9_7)";
:vpi_time_precision + 0;
:vpi_module "system";
:vpi_module "v2005_math";
:vpi_module "va_math";
S_0xb48110 .scope module, "Register_8Bit_Buffered" "Register_8Bit_Buffered" 2 19;
 .timescale 0 0;
v0xb35e00_0 .net *"_s0", 2 0, L_0xb75db0; 1 drivers
v0xb74050_0 .net *"_s3", 1 0, C4<00>; 1 drivers
v0xb740f0_0 .net *"_s4", 2 0, C4<001>; 1 drivers
v0xb74190_0 .net *"_s6", 0 0, L_0xb75f70; 1 drivers
v0xb74240_0 .net *"_s8", 7 0, C4<zzzzzzzz>; 0 drivers
v0xb742e0_0 .net "clk", 0 0, C4<z>; 0 drivers
v0xb743c0_0 .net "data_in", 7 0, C4<zzzzzzzz>; 0 drivers
v0xb74460_0 .var "data_internal", 7 0;
v0xb74550_0 .net "data_out", 7 0, L_0xb760e0; 1 drivers
v0xb745f0_0 .net "enable", 0 0, C4<z>; 0 drivers
v0xb746f0_0 .net "latch", 0 0, C4<z>; 0 drivers
E_0xb49650 .event posedge, v0xb742e0_0;
L_0xb75db0 .concat [ 1 2 0 0], C4<z>, C4<00>;
L_0xb75f70 .cmp/eq 3, L_0xb75db0, C4<001>;
L_0xb760e0 .functor MUXZ 8, C4<zzzzzzzz>, v0xb74460_0, L_0xb75f70, C4<>;
S_0xb49910 .scope module, "test" "test" 3 3;
 .timescale 0 0;
RS_0x2b675b5d5588 .resolv tri, L_0xb76560, L_0xb76ad0, C4<zzzzzzzzzzzzzzzz>, C4<zzzzzzzzzzzzzzzz>;
v0xb75820_0 .net8 "bus", 15 0, RS_0x2b675b5d5588; 2 drivers
v0xb758f0_0 .var "clk", 0 0;
v0xb75970_0 .var "data_push0", 15 0;
v0xb759f0_0 .var "data_push1", 3 0;
v0xb75ad0_0 .var "enable0", 0 0;
v0xb75b80_0 .var "enable1", 0 0;
v0xb75c00_0 .var "latch0", 0 0;
v0xb75cb0_0 .var "latch1", 0 0;
L_0xb76ad0 .part/pv L_0xb769e0, 0, 4, 16;
S_0xb75030 .scope module, "regA" "Register_16Bit_Buffered" 3 11, 2 37, S_0xb49910;
 .timescale 0 0;
v0xb75120_0 .net *"_s0", 2 0, L_0xb761d0; 1 drivers
v0xb751e0_0 .net *"_s3", 1 0, C4<00>; 1 drivers
v0xb75280_0 .net *"_s4", 2 0, C4<001>; 1 drivers
v0xb75320_0 .net *"_s6", 0 0, L_0xb763f0; 1 drivers
v0xb753a0_0 .net *"_s8", 15 0, C4<zzzzzzzzzzzzzzzz>; 0 drivers
v0xb75440_0 .net "clk", 0 0, v0xb758f0_0; 1 drivers
v0xb754c0_0 .net "data_in", 15 0, v0xb75970_0; 1 drivers
v0xb75540_0 .var "data_internal", 15 0;
v0xb755e0_0 .alias "data_out", 15 0, v0xb75820_0;
v0xb75680_0 .net "enable", 0 0, v0xb75ad0_0; 1 drivers
v0xb75780_0 .net "latch", 0 0, v0xb75c00_0; 1 drivers
L_0xb761d0 .concat [ 1 2 0 0], v0xb75ad0_0, C4<00>;
L_0xb763f0 .cmp/eq 3, L_0xb761d0, C4<001>;
L_0xb76560 .functor MUXZ 16, C4<zzzzzzzzzzzzzzzz>, v0xb75540_0, L_0xb763f0, C4<>;
S_0xb74790 .scope module, "regB" "Register_4Bit_Buffered" 3 12, 2 1, S_0xb49910;
 .timescale 0 0;
v0xb748c0_0 .net *"_s0", 2 0, L_0xb766a0; 1 drivers
v0xb74980_0 .net *"_s3", 1 0, C4<00>; 1 drivers
v0xb74a20_0 .net *"_s4", 2 0, C4<001>; 1 drivers
v0xb74ac0_0 .net *"_s6", 0 0, L_0xb768a0; 1 drivers
v0xb74b70_0 .net *"_s8", 3 0, C4<zzzz>; 0 drivers
v0xb74c10_0 .alias "clk", 0 0, v0xb75440_0;
v0xb74cb0_0 .net "data_in", 3 0, v0xb759f0_0; 1 drivers
v0xb74d50_0 .var "data_internal", 3 0;
v0xb74df0_0 .net "data_out", 3 0, L_0xb769e0; 1 drivers
v0xb74e90_0 .net "enable", 0 0, v0xb75b80_0; 1 drivers
v0xb74f90_0 .net "latch", 0 0, v0xb75cb0_0; 1 drivers
E_0xb74210 .event posedge, v0xb74c10_0;
L_0xb766a0 .concat [ 1 2 0 0], v0xb75b80_0, C4<00>;
L_0xb768a0 .cmp/eq 3, L_0xb766a0, C4<001>;
L_0xb769e0 .functor MUXZ 4, C4<zzzz>, v0xb74d50_0, L_0xb768a0, C4<>;
    .scope S_0xb48110;
T_0 ;
    %set/v v0xb74460_0, 2, 8;
    %end;
    .thread T_0;
    .scope S_0xb48110;
T_1 ;
    %wait E_0xb49650;
    %load/v 8, v0xb746f0_0, 1;
    %jmp/0xz  T_1.0, 8;
    %load/v 8, v0xb743c0_0, 8;
    %set/v v0xb74460_0, 8, 8;
T_1.0 ;
    %jmp T_1;
    .thread T_1;
    .scope S_0xb75030;
T_2 ;
    %set/v v0xb75540_0, 2, 16;
    %end;
    .thread T_2;
    .scope S_0xb75030;
T_3 ;
    %wait E_0xb74210;
    %load/v 8, v0xb75780_0, 1;
    %jmp/0xz  T_3.0, 8;
    %load/v 8, v0xb754c0_0, 16;
    %set/v v0xb75540_0, 8, 16;
T_3.0 ;
    %jmp T_3;
    .thread T_3;
    .scope S_0xb74790;
T_4 ;
    %set/v v0xb74d50_0, 2, 4;
    %end;
    .thread T_4;
    .scope S_0xb74790;
T_5 ;
    %wait E_0xb74210;
    %load/v 8, v0xb74f90_0, 1;
    %jmp/0xz  T_5.0, 8;
    %load/v 8, v0xb74cb0_0, 4;
    %set/v v0xb74d50_0, 8, 4;
T_5.0 ;
    %jmp T_5;
    .thread T_5;
    .scope S_0xb49910;
T_6 ;
    %movi 8, 23374, 16;
    %set/v v0xb75970_0, 8, 16;
    %end;
    .thread T_6;
    .scope S_0xb49910;
T_7 ;
    %movi 8, 10, 4;
    %set/v v0xb759f0_0, 8, 4;
    %end;
    .thread T_7;
    .scope S_0xb49910;
T_8 ;
    %vpi_call 3 16 "$dumpvars", 4'sb0100, S_0xb49910;
    %set/v v0xb758f0_0, 0, 1;
    %set/v v0xb75ad0_0, 0, 1;
    %set/v v0xb75c00_0, 0, 1;
    %set/v v0xb75b80_0, 0, 1;
    %set/v v0xb75cb0_0, 0, 1;
    %delay 11, 0;
    %set/v v0xb75c00_0, 1, 1;
    %delay 6, 0;
    %set/v v0xb75c00_0, 0, 1;
    %delay 20, 0;
    %set/v v0xb75ad0_0, 1, 1;
    %delay 6, 0;
    %set/v v0xb75ad0_0, 0, 1;
    %delay 11, 0;
    %set/v v0xb75cb0_0, 1, 1;
    %delay 6, 0;
    %set/v v0xb75cb0_0, 0, 1;
    %delay 20, 0;
    %set/v v0xb75b80_0, 1, 1;
    %delay 6, 0;
    %set/v v0xb75b80_0, 0, 1;
    %delay 100, 0;
    %vpi_call 3 50 "$finish";
    %end;
    .thread T_8;
    .scope S_0xb49910;
T_9 ;
    %delay 2, 0;
    %load/v 8, v0xb758f0_0, 1;
    %inv 8, 1;
    %set/v v0xb758f0_0, 8, 1;
    %jmp T_9;
    .thread T_9;
# The file index is used to find the file name in the following table.
:file_names 4;
    "N/A";
    "<interactive>";
    "./modules/Registers.v";
    "test.v";
